<?xml version="1.0" encoding="UTF-8"?>
<!-- Generated by org.testng.reporters.JUnitReportReporter -->
<testsuite hostname="Avankia-PC" name="com.tr.contact.CreateContactTest" tests="2" failures="0" timestamp="23 Mar 2015 15:50:30 GMT" time="65.380" errors="0">
  <testcase name="createContact" time="35.436" classname="com.tr.contact.CreateContactTest"/>
  <testcase name="createCandidate" time="29.944" classname="com.tr.contact.CreateContactTest"/>
</testsuite> <!-- com.tr.contact.CreateContactTest -->
