<?xml version="1.0" encoding="UTF-8"?>
<!-- Generated by org.testng.reporters.JUnitReportReporter -->
<testsuite hostname="Avankia-PC" name="com.tr.jobapplicants.CloneJobApplForDiffJobTest" tests="1" failures="0" timestamp="23 Mar 2015 14:03:05 GMT" time="28.237" errors="0">
  <testcase name="cloneJobApplForDiffJob" time="28.237" classname="com.tr.jobapplicants.CloneJobApplForDiffJobTest"/>
</testsuite> <!-- com.tr.jobapplicants.CloneJobApplForDiffJobTest -->
