<?xml version="1.0" encoding="UTF-8"?>
<!-- Generated by org.testng.reporters.JUnitReportReporter -->
<testsuite hostname="Avankia-PC" name="com.tr.accounts.VerifyMapValueforAccTest" tests="1" failures="0" timestamp="23 Mar 2015 15:31:37 GMT" time="33.157" errors="0">
  <testcase name="VerifyMapValueforAccTest" time="33.157" classname="com.tr.accounts.VerifyMapValueforAccTest"/>
</testsuite> <!-- com.tr.accounts.VerifyMapValueforAccTest -->
