<?xml version="1.0" encoding="UTF-8"?>
<!-- Generated by org.testng.reporters.JUnitReportReporter -->
<testsuite hostname="Avankia-PC" name="com.tr.accounttest.VerifyMapValueforAccTest" tests="1" failures="0" timestamp="17 Mar 2015 13:56:09 GMT" time="23.789" errors="0">
  <testcase name="VerifyMapValueforAccTest" time="23.789" classname="com.tr.accounttest.VerifyMapValueforAccTest"/>
</testsuite> <!-- com.tr.accounttest.VerifyMapValueforAccTest -->
