<?xml version="1.0" encoding="UTF-8"?>
<!-- Generated by org.testng.reporters.JUnitReportReporter -->
<testsuite hostname="Avankia-PC" name="com.tr.jobs.CreateJobApplicantfromJobTest" tests="1" failures="0" timestamp="20 Mar 2015 13:25:46 GMT" time="39.451" errors="0">
  <testcase name="createJobApplicantfromJob" time="39.451" classname="com.tr.jobs.CreateJobApplicantfromJobTest"/>
</testsuite> <!-- com.tr.jobs.CreateJobApplicantfromJobTest -->
