<?xml version="1.0" encoding="UTF-8"?>
<!-- Generated by org.testng.reporters.JUnitReportReporter -->
<testsuite hostname="INENHUNASDL2C" name="com.tr.e2etest.CreateCandiateSearchTest" tests="1" failures="0" timestamp="25 Dec 2014 14:29:18 GMT" time="28.529" errors="0">
  <testcase name="createCandiateSearch" time="28.529" classname="com.tr.e2etest.CreateCandiateSearchTest"/>
</testsuite> <!-- com.tr.e2etest.CreateCandiateSearchTest -->
