<?xml version="1.0" encoding="UTF-8"?>
<!-- Generated by org.testng.reporters.JUnitReportReporter -->
<testsuite hostname="Avankia-PC" name="com.tr.jobapplicants.CreateJobApplicantTest" tests="1" failures="0" timestamp="23 Mar 2015 08:32:34 GMT" time="28.740" errors="0">
  <testcase name="createJobApplicant" time="28.740" classname="com.tr.jobapplicants.CreateJobApplicantTest"/>
</testsuite> <!-- com.tr.jobapplicants.CreateJobApplicantTest -->
