<?xml version="1.0" encoding="UTF-8"?>
<!-- Generated by org.testng.reporters.JUnitReportReporter -->
<testsuite hostname="INENHUNASDL2C" name="com.tr.e2etest.CreateAccount" tests="1" failures="0" timestamp="17 Sep 2014 10:36:27 GMT" time="20.074" errors="0">
  <testcase name="test" time="20.074" classname="com.tr.e2etest.CreateAccount"/>
</testsuite> <!-- com.tr.e2etest.CreateAccount -->
