<?xml version="1.0" encoding="UTF-8"?>
<!-- Generated by org.testng.reporters.JUnitReportReporter -->
<testsuite hostname="Avankia-PC" name="com.tr.jobapplicants.MassDeleteJobApplicantsTest" tests="1" failures="0" timestamp="23 Mar 2015 13:41:43 GMT" time="45.792" errors="0">
  <testcase name="massDeleteJobApplicants" time="45.792" classname="com.tr.jobapplicants.MassDeleteJobApplicantsTest"/>
</testsuite> <!-- com.tr.jobapplicants.MassDeleteJobApplicantsTest -->
