<?xml version="1.0" encoding="UTF-8"?>
<!-- Generated by org.testng.reporters.JUnitReportReporter -->
<testsuite hostname="Avankia-PC" name="com.tr.jobs.CloneJobTest" tests="1" failures="0" timestamp="20 Mar 2015 13:10:33 GMT" time="65.484" errors="0">
  <testcase name="cloneAJob" time="65.484" classname="com.tr.jobs.CloneJobTest"/>
</testsuite> <!-- com.tr.jobs.CloneJobTest -->
