<?xml version="1.0" encoding="UTF-8"?>
<!-- Generated by org.testng.reporters.JUnitReportReporter -->
<testsuite hostname="INENHUNASDL2C" name="com.tr.e2etest.DeleteCandiateTest" tests="1" failures="0" timestamp="25 Dec 2014 12:27:12 GMT" time="15.800" errors="0">
  <testcase name="test" time="15.800" classname="com.tr.e2etest.DeleteCandiateTest"/>
</testsuite> <!-- com.tr.e2etest.DeleteCandiateTest -->
