<?xml version="1.0" encoding="UTF-8"?>
<!-- Generated by org.testng.reporters.JUnitReportReporter -->
<testsuite hostname="INENHUNASDL2C" name="com.tr.e2etest.VerifyMappingValueTest" tests="1" failures="0" timestamp="25 Dec 2014 10:51:02 GMT" time="27.985" errors="0">
  <testcase name="verifyMappingValue" time="27.985" classname="com.tr.e2etest.VerifyMappingValueTest"/>
</testsuite> <!-- com.tr.e2etest.VerifyMappingValueTest -->
