<?xml version="1.0" encoding="UTF-8"?>
<!-- Generated by org.testng.reporters.JUnitReportReporter -->
<testsuite hostname="Avankia-PC" name="com.tr.jobs.CopyToJobTest" tests="1" failures="0" timestamp="20 Mar 2015 13:41:21 GMT" time="25.945" errors="0">
  <testcase name="copyToJob" time="25.945" classname="com.tr.jobs.CopyToJobTest"/>
</testsuite> <!-- com.tr.jobs.CopyToJobTest -->
