<?xml version="1.0" encoding="UTF-8"?>
<!-- Generated by org.testng.reporters.JUnitReportReporter -->
<testsuite hostname="Avankia-PC" name="com.tr.e2etest.AddResumeFromCandidateTest" tests="1" failures="0" timestamp="13 Mar 2015 14:44:05 GMT" time="86.471" errors="0">
  <testcase name="addResumeFromCandidate" time="86.471" classname="com.tr.e2etest.AddResumeFromCandidateTest"/>
</testsuite> <!-- com.tr.e2etest.AddResumeFromCandidateTest -->
