<?xml version="1.0" encoding="UTF-8"?>
<!-- Generated by org.testng.reporters.JUnitReportReporter -->
<testsuite hostname="Avankia-PC" name="com.tr.e2etest.AcccToPlacementTest" tests="1" failures="0" timestamp="16 Mar 2015 15:35:57 GMT" time="113.229" errors="0">
  <testcase name="accToPlacement" time="113.229" classname="com.tr.e2etest.AcccToPlacementTest"/>
</testsuite> <!-- com.tr.e2etest.AcccToPlacementTest -->
