<?xml version="1.0" encoding="UTF-8"?>
<!-- Generated by org.testng.reporters.JUnitReportReporter -->
<testsuite hostname="Avankia-PC" name="com.tr.jobs.CloneWithQuestionsTest" tests="1" failures="0" timestamp="20 Mar 2015 14:06:31 GMT" time="37.404" errors="0">
  <testcase name="cloneWithQuestions" time="37.404" classname="com.tr.jobs.CloneWithQuestionsTest"/>
</testsuite> <!-- com.tr.jobs.CloneWithQuestionsTest -->
