<?xml version="1.0" encoding="UTF-8"?>
<!-- Generated by org.testng.reporters.JUnitReportReporter -->
<testsuite hostname="Avankia-PC" name="com.tr.accountTest.DeleteAccountTest" tests="1" failures="0" timestamp="14 Mar 2015 10:11:33 GMT" time="16.243" errors="0">
  <testcase name="test" time="16.243" classname="com.tr.accountTest.DeleteAccountTest"/>
</testsuite> <!-- com.tr.accountTest.DeleteAccountTest -->
